<?xml version="1.0" encoding="UTF-8"?>
<!-- Generated by org.testng.reporters.JUnitXMLReporter -->
<testsuite ignored="0" hostname="DESKTOP-OPRNE34" failures="1" tests="2" name="Test" time="5.923" errors="0" timestamp="2025-06-25T18:57:56 IST">
  <testcase classname="testNgAssert.HardSoftAssert" name="f" time="0.438"/>
  <testcase classname="testNgAssert.HardSoftAssert" name="demoWebShop" time="3.017">
    <failure type="java.lang.AssertionError" message="The following asserts failed:
	expected [Gau] but found [Gauri]">
      <![CDATA[java.lang.AssertionError: The following asserts failed:
expected [Gau] but found [Gauri]
at testNgAssert.HardSoftAssert.demoWebShop(HardSoftAssert.java:77)
at java.base/java.util.ArrayList.forEach(ArrayList.java:1511)
... Removed 29 stack frames]]>
    </failure>
  </testcase> <!-- demoWebShop -->
</testsuite> <!-- Test -->
